kotlin version: 1.8.22
error message: Daemon compilation failed: null
java.lang.Exception
	at org.jetbrains.kotlin.daemon.common.CompileService$CallResult$Error.get(CompileService.kt:69)
	at org.jetbrains.kotlin.daemon.common.CompileService$CallResult$Error.get(CompileService.kt:65)
	at org.jetbrains.kotlin.compilerRunner.GradleKotlinCompilerWork.compileWithDaemon(GradleKotlinCompilerWork.kt:227)
	at org.jetbrains.kotlin.compilerRunner.GradleKotlinCompilerWork.compileWithDaemonOrFallbackImpl(GradleKotlinCompilerWork.kt:161)
	at org.jetbrains.kotlin.compilerRunner.GradleKotlinCompilerWork.run(GradleKotlinCompilerWork.kt:132)
	at org.jetbrains.kotlin.compilerRunner.GradleCompilerRunnerWithWorkers$GradleKotlinCompilerWorkAction.execute(GradleCompilerRunnerWithWorkers.kt:76)
	at org.gradle.workers.internal.DefaultWorkerServer.execute(DefaultWorkerServer.java:63)
	at org.gradle.workers.internal.NoIsolationWorkerFactory$1$1.create(NoIsolationWorkerFactory.java:66)
	at org.gradle.workers.internal.NoIsolationWorkerFactory$1$1.create(NoIsolationWorkerFactory.java:62)
	at org.gradle.internal.classloader.ClassLoaderUtils.executeInClassloader(ClassLoaderUtils.java:100)
	at org.gradle.workers.internal.NoIsolationWorkerFactory$1.lambda$execute$0(NoIsolationWorkerFactory.java:62)
	at org.gradle.workers.internal.AbstractWorker$1.call(AbstractWorker.java:44)
	at org.gradle.workers.internal.AbstractWorker$1.call(AbstractWorker.java:41)
	at org.gradle.internal.operations.DefaultBuildOperationRunner$CallableBuildOperationWorker.execute(DefaultBuildOperationRunner.java:209)
	at org.gradle.internal.operations.DefaultBuildOperationRunner$CallableBuildOperationWorker.execute(DefaultBuildOperationRunner.java:204)
	at org.gradle.internal.operations.DefaultBuildOperationRunner$2.execute(DefaultBuildOperationRunner.java:66)
	at org.gradle.internal.operations.DefaultBuildOperationRunner$2.execute(DefaultBuildOperationRunner.java:59)
	at org.gradle.internal.operations.DefaultBuildOperationRunner.execute(DefaultBuildOperationRunner.java:166)
	at org.gradle.internal.operations.DefaultBuildOperationRunner.execute(DefaultBuildOperationRunner.java:59)
	at org.gradle.internal.operations.DefaultBuildOperationRunner.call(DefaultBuildOperationRunner.java:53)
	at org.gradle.workers.internal.AbstractWorker.executeWrappedInBuildOperation(AbstractWorker.java:41)
	at org.gradle.workers.internal.NoIsolationWorkerFactory$1.execute(NoIsolationWorkerFactory.java:59)
	at org.gradle.workers.internal.DefaultWorkerExecutor.lambda$submitWork$0(DefaultWorkerExecutor.java:174)
	at java.base/java.util.concurrent.FutureTask.run(FutureTask.java:264)
	at org.gradle.internal.work.DefaultConditionalExecutionQueue$ExecutionRunner.runExecution(DefaultConditionalExecutionQueue.java:194)
	at org.gradle.internal.work.DefaultConditionalExecutionQueue$ExecutionRunner.access$700(DefaultConditionalExecutionQueue.java:127)
	at org.gradle.internal.work.DefaultConditionalExecutionQueue$ExecutionRunner$1.run(DefaultConditionalExecutionQueue.java:169)
	at org.gradle.internal.Factories$1.create(Factories.java:31)
	at org.gradle.internal.work.DefaultWorkerLeaseService.withLocks(DefaultWorkerLeaseService.java:263)
	at org.gradle.internal.work.DefaultWorkerLeaseService.runAsWorkerThread(DefaultWorkerLeaseService.java:127)
	at org.gradle.internal.work.DefaultWorkerLeaseService.runAsWorkerThread(DefaultWorkerLeaseService.java:132)
	at org.gradle.internal.work.DefaultConditionalExecutionQueue$ExecutionRunner.runBatch(DefaultConditionalExecutionQueue.java:164)
	at org.gradle.internal.work.DefaultConditionalExecutionQueue$ExecutionRunner.run(DefaultConditionalExecutionQueue.java:133)
	at java.base/java.util.concurrent.Executors$RunnableAdapter.call(Executors.java:539)
	at java.base/java.util.concurrent.FutureTask.run(FutureTask.java:264)
	at org.gradle.internal.concurrent.ExecutorPolicy$CatchAndRecordFailures.onExecute(ExecutorPolicy.java:64)
	at org.gradle.internal.concurrent.AbstractManagedExecutor$1.run(AbstractManagedExecutor.java:48)
	at java.base/java.util.concurrent.ThreadPoolExecutor.runWorker(ThreadPoolExecutor.java:1136)
	at java.base/java.util.concurrent.ThreadPoolExecutor$Worker.run(ThreadPoolExecutor.java:635)
	at java.base/java.lang.Thread.run(Thread.java:840)
Caused by: java.lang.RuntimeException: java.io.IOException: java.lang.IndexOutOfBoundsException
	at org.jetbrains.kotlin.com.intellij.util.io.PersistentHashMap$4.onDropFromCache(PersistentHashMap.java:307)
	at org.jetbrains.kotlin.com.intellij.util.io.PersistentHashMap$4.onDropFromCache(PersistentHashMap.java:265)
	at org.jetbrains.kotlin.com.intellij.util.containers.SLRUMap.clear(SLRUMap.java:172)
	at org.jetbrains.kotlin.com.intellij.util.io.PersistentHashMap.processKeysWithExistingMapping(PersistentHashMap.java:582)
	at org.jetbrains.kotlin.com.intellij.util.io.PersistentHashMap.getAllKeysWithExistingMapping(PersistentHashMap.java:574)
	at org.jetbrains.kotlin.incremental.storage.CachingLazyStorage.getKeys(CachingLazyStorage.kt:61)
	at org.jetbrains.kotlin.incremental.storage.LookupMap.getKeys(LookupMap.kt:56)
	at org.jetbrains.kotlin.incremental.TrackedLookupMap.getKeys(LookupStorage.kt:306)
	at org.jetbrains.kotlin.incremental.LookupStorage.getLookupSymbols(LookupStorage.kt:89)
	at org.jetbrains.kotlin.incremental.classpathDiff.ClasspathSnapshotShrinker$shrinkClasspath$lookupSymbols$1.invoke(ClasspathSnapshotShrinker.kt:40)
	at org.jetbrains.kotlin.incremental.classpathDiff.ClasspathSnapshotShrinker$shrinkClasspath$lookupSymbols$1.invoke(ClasspathSnapshotShrinker.kt:39)
	at org.jetbrains.kotlin.incremental.classpathDiff.ClasspathSnapshotShrinker$MetricsReporter.getLookupSymbols(ClasspathSnapshotShrinker.kt:125)
	at org.jetbrains.kotlin.incremental.classpathDiff.ClasspathSnapshotShrinker.shrinkClasspath(ClasspathSnapshotShrinker.kt:39)
	at org.jetbrains.kotlin.incremental.classpathDiff.ClasspathSnapshotShrinker.shrinkClasspath$default(ClasspathSnapshotShrinker.kt:34)
	at org.jetbrains.kotlin.incremental.classpathDiff.ClasspathSnapshotShrinkerKt.shrinkAndSaveClasspathSnapshot(ClasspathSnapshotShrinker.kt:288)
	at org.jetbrains.kotlin.incremental.IncrementalJvmCompilerRunner.performWorkAfterCompilation(IncrementalJvmCompilerRunner.kt:507)
	at org.jetbrains.kotlin.incremental.IncrementalJvmCompilerRunner.performWorkAfterCompilation(IncrementalJvmCompilerRunner.kt:133)
	at org.jetbrains.kotlin.incremental.IncrementalCompilerRunner.compileImpl(IncrementalCompilerRunner.kt:411)
	at org.jetbrains.kotlin.incremental.IncrementalCompilerRunner.compileNonIncrementally(IncrementalCompilerRunner.kt:290)
	at org.jetbrains.kotlin.incremental.IncrementalCompilerRunner.compile(IncrementalCompilerRunner.kt:112)
	at org.jetbrains.kotlin.daemon.CompileServiceImplBase.execIncrementalCompiler(CompileServiceImpl.kt:627)
	at org.jetbrains.kotlin.daemon.CompileServiceImplBase.access$execIncrementalCompiler(CompileServiceImpl.kt:101)
	at org.jetbrains.kotlin.daemon.CompileServiceImpl.compile(CompileServiceImpl.kt:1587)
	at java.base/jdk.internal.reflect.NativeMethodAccessorImpl.invoke0(Native Method)
	at java.base/jdk.internal.reflect.NativeMethodAccessorImpl.invoke(NativeMethodAccessorImpl.java:77)
	at java.base/jdk.internal.reflect.DelegatingMethodAccessorImpl.invoke(DelegatingMethodAccessorImpl.java:43)
	at java.base/java.lang.reflect.Method.invoke(Method.java:568)
	at java.rmi/sun.rmi.server.UnicastServerRef.dispatch(UnicastServerRef.java:360)
	at java.rmi/sun.rmi.transport.Transport$1.run(Transport.java:200)
	at java.rmi/sun.rmi.transport.Transport$1.run(Transport.java:197)
	at java.base/java.security.AccessController.doPrivileged(AccessController.java:712)
	at java.rmi/sun.rmi.transport.Transport.serviceCall(Transport.java:196)
	at java.rmi/sun.rmi.transport.tcp.TCPTransport.handleMessages(TCPTransport.java:587)
	at java.rmi/sun.rmi.transport.tcp.TCPTransport$ConnectionHandler.run0(TCPTransport.java:828)
	at java.rmi/sun.rmi.transport.tcp.TCPTransport$ConnectionHandler.lambda$run$0(TCPTransport.java:705)
	at java.base/java.security.AccessController.doPrivileged(AccessController.java:399)
	at java.rmi/sun.rmi.transport.tcp.TCPTransport$ConnectionHandler.run(TCPTransport.java:704)
	... 3 more
Caused by: java.io.IOException: java.lang.IndexOutOfBoundsException
	at org.jetbrains.kotlin.com.intellij.util.io.PersistentEnumeratorBase.doEnumerate(PersistentEnumeratorBase.java:321)
	at org.jetbrains.kotlin.com.intellij.util.io.PersistentEnumeratorBase.enumerate(PersistentEnumeratorBase.java:335)
	at org.jetbrains.kotlin.com.intellij.util.io.PersistentHashMap.enumerate(PersistentHashMap.java:486)
	at org.jetbrains.kotlin.com.intellij.util.io.PersistentHashMap$4.onDropFromCache(PersistentHashMap.java:283)
	... 39 more
Caused by: java.lang.IndexOutOfBoundsException
	at java.base/java.nio.Buffer.checkIndex(Buffer.java:749)
	at java.base/java.nio.DirectByteBuffer.getInt(DirectByteBuffer.java:699)
	at org.jetbrains.kotlin.com.intellij.util.io.PagedFileStorage.getInt(PagedFileStorage.java:110)
	at org.jetbrains.kotlin.com.intellij.util.io.ResizeableMappedFile.getInt(ResizeableMappedFile.java:203)
	at org.jetbrains.kotlin.com.intellij.util.io.PersistentBTreeEnumerator.enumerateImpl(PersistentBTreeEnumerator.java:416)
	at org.jetbrains.kotlin.com.intellij.util.io.PersistentEnumeratorBase.doEnumerate(PersistentEnumeratorBase.java:311)
	... 42 more


